[32m[Nest] 11016  - [39m08/02/2026, 16:20:42 [32m    LOG[39m [38;5;3m[NestFactory] [39m[32mStarting Nest application...[39m
[32m[Nest] 11016  - [39m08/02/2026, 16:20:43 [32m    LOG[39m [38;5;3m[InstanceLoader] [39m[32mAppModule dependencies initialized[39m[38;5;3m +23ms[39m
[32m[Nest] 11016  - [39m08/02/2026, 16:20:43 [32m    LOG[39m [38;5;3m[InstanceLoader] [39m[32mPrismaModule dependencies initialized[39m[38;5;3m +3ms[39m
[32m[Nest] 11016  - [39m08/02/2026, 16:20:43 [32m    LOG[39m [38;5;3m[InstanceLoader] [39m[32mJwtModule dependencies initialized[39m[38;5;3m +2ms[39m
[32m[Nest] 11016  - [39m08/02/2026, 16:20:43 [32m    LOG[39m [38;5;3m[InstanceLoader] [39m[32mThrottlerModule dependencies initialized[39m[38;5;3m +1ms[39m
[32m[Nest] 11016  - [39m08/02/2026, 16:20:43 [32m    LOG[39m [38;5;3m[InstanceLoader] [39m[32mAuditLogsModule dependencies initialized[39m[38;5;3m +3ms[39m
[32m[Nest] 11016  - [39m08/02/2026, 16:20:43 [32m    LOG[39m [38;5;3m[InstanceLoader] [39m[32mRolesModule dependencies initialized[39m[38;5;3m +0ms[39m
[32m[Nest] 11016  - [39m08/02/2026, 16:20:43 [32m    LOG[39m [38;5;3m[InstanceLoader] [39m[32mPermissionsModule dependencies initialized[39m[38;5;3m +0ms[39m
[32m[Nest] 11016  - [39m08/02/2026, 16:20:43 [32m    LOG[39m [38;5;3m[InstanceLoader] [39m[32mTenantsModule dependencies initialized[39m[38;5;3m +0ms[39m
[32m[Nest] 11016  - [39m08/02/2026, 16:20:43 [32m    LOG[39m [38;5;3m[InstanceLoader] [39m[32mAuthModule dependencies initialized[39m[38;5;3m +1ms[39m
[32m[Nest] 11016  - [39m08/02/2026, 16:20:43 [32m    LOG[39m [38;5;3m[RoutesResolver] [39m[32mAuthController {/auth}:[39m[38;5;3m +44ms[39m
[32m[Nest] 11016  - [39m08/02/2026, 16:20:43 [32m    LOG[39m [38;5;3m[RouterExplorer] [39m[32mMapped {/auth/login, POST} route[39m[38;5;3m +3ms[39m
[32m[Nest] 11016  - [39m08/02/2026, 16:20:43 [32m    LOG[39m [38;5;3m[RouterExplorer] [39m[32mMapped {/auth/refresh, POST} route[39m[38;5;3m +1ms[39m
[32m[Nest] 11016  - [39m08/02/2026, 16:20:43 [32m    LOG[39m [38;5;3m[RouterExplorer] [39m[32mMapped {/auth/logout, POST} route[39m[38;5;3m +0ms[39m
[32m[Nest] 11016  - [39m08/02/2026, 16:20:43 [32m    LOG[39m [38;5;3m[RouterExplorer] [39m[32mMapped {/auth/logout-all, POST} route[39m[38;5;3m +1ms[39m
[32m[Nest] 11016  - [39m08/02/2026, 16:20:43 [32m    LOG[39m [38;5;3m[RoutesResolver] [39m[32mAuditLogsController {/audit-logs}:[39m[38;5;3m +0ms[39m
[32m[Nest] 11016  - [39m08/02/2026, 16:20:43 [32m    LOG[39m [38;5;3m[RouterExplorer] [39m[32mMapped {/audit-logs, GET} route[39m[38;5;3m +1ms[39m
[32m[Nest] 11016  - [39m08/02/2026, 16:20:43 [32m    LOG[39m [38;5;3m[RoutesResolver] [39m[32mTenantsController {/tenants}:[39m[38;5;3m +0ms[39m
[32m[Nest] 11016  - [39m08/02/2026, 16:20:43 [32m    LOG[39m [38;5;3m[RouterExplorer] [39m[32mMapped {/tenants, POST} route[39m[38;5;3m +1ms[39m
[32m[Nest] 11016  - [39m08/02/2026, 16:20:43 [32m    LOG[39m [38;5;3m[RouterExplorer] [39m[32mMapped {/tenants/:id/invite, POST} route[39m[38;5;3m +1ms[39m
[32m[Nest] 11016  - [39m08/02/2026, 16:20:43 [32m    LOG[39m [38;5;3m[RouterExplorer] [39m[32mMapped {/tenants/invite/accept, POST} route[39m[38;5;3m +0ms[39m
[32m[Nest] 11016  - [39m08/02/2026, 16:20:43 [32m    LOG[39m [38;5;3m[RouterExplorer] [39m[32mMapped {/tenants/:id/users, GET} route[39m[38;5;3m +1ms[39m
[32m[Nest] 11016  - [39m08/02/2026, 16:20:43 [32m    LOG[39m [38;5;3m[RouterExplorer] [39m[32mMapped {/tenants/:id/users/:userId/role, PATCH} route[39m[38;5;3m +0ms[39m
[32m[Nest] 11016  - [39m08/02/2026, 16:20:43 [32m    LOG[39m [38;5;3m[RoutesResolver] [39m[32mRolesController {/roles}:[39m[38;5;3m +0ms[39m
[32m[Nest] 11016  - [39m08/02/2026, 16:20:43 [32m    LOG[39m [38;5;3m[RouterExplorer] [39m[32mMapped {/roles, GET} route[39m[38;5;3m +1ms[39m
[32m[Nest] 11016  - [39m08/02/2026, 16:20:43 [32m    LOG[39m [38;5;3m[RouterExplorer] [39m[32mMapped {/roles, POST} route[39m[38;5;3m +0ms[39m
[32m[Nest] 11016  - [39m08/02/2026, 16:20:43 [32m    LOG[39m [38;5;3m[RoutesResolver] [39m[32mPermissionsController {/permissions}:[39m[38;5;3m +0ms[39m
[32m[Nest] 11016  - [39m08/02/2026, 16:20:43 [32m    LOG[39m [38;5;3m[RouterExplorer] [39m[32mMapped {/permissions, GET} route[39m[38;5;3m +1ms[39m
[32m[Nest] 11016  - [39m08/02/2026, 16:20:43 [32m    LOG[39m [38;5;3m[NestApplication] [39m[32mNest application successfully started[39m[38;5;3m +45ms[39m
